#
# There is insufficient memory for the Java Runtime Environment to continue.
# Native memory allocation (malloc) failed to allocate 1351856 bytes for Chunk::new
# Possible reasons:
#   The system is out of physical RAM or swap space
#   The process is running with CompressedOops enabled, and the Java Heap may be blocking the growth of the native heap
# Possible solutions:
#   Reduce memory load on the system
#   Increase physical memory or swap space
#   Check if swap backing store is full
#   Decrease Java heap size (-Xmx/-Xms)
#   Decrease number of Java threads
#   Decrease Java thread stack sizes (-Xss)
#   Set larger code cache with -XX:ReservedCodeCacheSize=
#   JVM is running with Unscaled Compressed Oops mode in which the Java heap is
#     placed in the first 4GB address space. The Java Heap base address is the
#     maximum limit for the native heap growth. Please use -XX:HeapBaseMinAddress
#     to set the Java Heap base and to place the Java Heap above 4GB virtual address.
# This output file may be truncated or incomplete.
#
#  Out of Memory Error (arena.cpp:197), pid=7524, tid=18016
#
# JRE version: OpenJDK Runtime Environment Microsoft-8035250 (11.0.20+8) (build 11.0.20+8-LTS)
# Java VM: OpenJDK 64-Bit Server VM Microsoft-8035250 (11.0.20+8-LTS, mixed mode, tiered, compressed oops, g1 gc, windows-amd64)
# No core dump will be written. Minidumps are not enabled by default on client versions of Windows
#

---------------  S U M M A R Y ------------

Command Line: -XX:MaxMetaspaceSize=512m --add-opens=java.base/java.util=ALL-UNNAMED --add-opens=java.base/java.lang=ALL-UNNAMED --add-opens=java.base/java.lang.invoke=ALL-UNNAMED --add-opens=java.prefs/java.util.prefs=ALL-UNNAMED --add-opens=java.base/java.nio.charset=ALL-UNNAMED --add-opens=java.base/java.net=ALL-UNNAMED --add-opens=java.base/java.util.concurrent.atomic=ALL-UNNAMED -Xmx2048m -Dfile.encoding=windows-1252 -Duser.country=CO -Duser.language=es -Duser.variant org.gradle.launcher.daemon.bootstrap.GradleDaemon 8.0.1

Host: AMD Ryzen 5 5500U with Radeon Graphics         , 12 cores, 5G,  Windows 11 , 64 bit Build 22621 (10.0.22621.2506)
Time: Sat Dec  9 11:54:20 2023 Hora est. Pacífico, Sudamérica elapsed time: 38.859778 seconds (0d 0h 0m 38s)

---------------  T H R E A D  ---------------

Current thread (0x00000247372ea800):  JavaThread "C2 CompilerThread0" daemon [_thread_in_native, id=18016, stack(0x000000a2f7f00000,0x000000a2f8000000)]


Current CompileTask:
C2:  38859 7138 %     4       org.gradle.internal.instantiation.generator.AbstractClassGenerator::inspectType @ 107 (560 bytes)

Stack: [0x000000a2f7f00000,0x000000a2f8000000]
Native frames: (J=compiled Java code, j=interpreted, Vv=VM code, C=native code)
V  [jvm.dll+0x62e9da]
V  [jvm.dll+0x7bc4e9]
V  [jvm.dll+0x7bdbd8]
V  [jvm.dll+0x7be2b3]
V  [jvm.dll+0x2505a8]
V  [jvm.dll+0xc263c]
V  [jvm.dll+0xc2bfc]
V  [jvm.dll+0x35fdc7]
V  [jvm.dll+0x19f201]
V  [jvm.dll+0x2098c5]
V  [jvm.dll+0x20893d]
V  [jvm.dll+0x18a7de]
V  [jvm.dll+0x2181ec]
V  [jvm.dll+0x21642b]
V  [jvm.dll+0x77efc0]
V  [jvm.dll+0x777db4]
V  [jvm.dll+0x62d845]
C  [ucrtbase.dll+0x29363]
C  [KERNEL32.DLL+0x1257d]
C  [ntdll.dll+0x5aa58]


---------------  P R O C E S S  ---------------

Threads class SMR info:
_java_thread_list=0x000002473800c630, length=113, elements={
0x0000024717db4800, 0x00000247372cc000, 0x00000247372d5800, 0x00000247372e7000,
0x00000247372e7800, 0x00000247372e9000, 0x00000247372ea800, 0x00000247372f1800,
0x0000024737303800, 0x0000024737de4000, 0x0000024739707800, 0x000002473928a800,
0x0000024739693800, 0x00000247393ee800, 0x00000247391f7800, 0x000002473945d000,
0x0000024739e66000, 0x0000024739e66800, 0x0000024739812000, 0x0000024739ced800,
0x0000024739ce8800, 0x0000024739ce7800, 0x0000024739ceb000, 0x0000024739ce9800,
0x0000024739cee000, 0x0000024739ceb800, 0x0000024739cea000, 0x0000024739cec800,
0x000002473c3db000, 0x000002473c3d9800, 0x000002473c3dc000, 0x000002473c3da800,
0x000002473c3e1000, 0x000002473c3dd000, 0x000002473c3de800, 0x000002473c3e3800,
0x000002473c3df800, 0x000002473c3e1800, 0x000002473c3e2800, 0x000002473c3dd800,
0x000002473c3e6800, 0x000002473c3e7800, 0x000002473c3e8800, 0x000002473c3e5000,
0x000002473c3e6000, 0x000002473c3e4000, 0x000002473cd83000, 0x000002473cd7f800,
0x000002473cd80800, 0x000002473cd84800, 0x000002473cd81800, 0x000002473cd83800,
0x000002473cd82000, 0x000002473cd7f000, 0x000002473cd87000, 0x000002473cd88000,
0x000002473cd86000, 0x000002473cd85800, 0x000002473cd8b000, 0x000002473cd8c000,
0x000002473cd8c800, 0x000002473cd8d800, 0x000002473cd88800, 0x000002473cd8a000,
0x000002473cd89800, 0x000002473e024800, 0x000002473e029800, 0x000002473e026000,
0x000002473e02b000, 0x000002473e025800, 0x000002473e027000, 0x000002473e02c000,
0x000002473e028800, 0x000002473e02a000, 0x000002473e02d800, 0x000002473e028000,
0x000002473e02f000, 0x000002473e02e800, 0x000002473e030000, 0x000002473e030800,
0x000002473e032800, 0x000002473e031800, 0x000002473e02c800, 0x000002473e033000,
0x000002473815d800, 0x000002473815f000, 0x0000024738160000, 0x000002473815c800,
0x0000024738161000, 0x0000024738161800, 0x0000024738162800, 0x0000024738163000,
0x000002473815e800, 0x0000024738164000, 0x000002473816a000, 0x0000024738165800,
0x0000024738167800, 0x000002473816a800, 0x0000024738168000, 0x0000024738165000,
0x000002473816b800, 0x0000024738166800, 0x0000024738169000, 0x000002473ea8e000,
0x000002473ea8a800, 0x000002473ea8f800, 0x000002473ea8b800, 0x000002473ea8c000,
0x000002473ea8e800, 0x000002473ea89800, 0x000002473ea90800, 0x000002473ea91000,
0x000002473ea92000
}

Java Threads: ( => current thread )
  0x0000024717db4800 JavaThread "main" [_thread_blocked, id=17792, stack(0x000000a2f7300000,0x000000a2f7400000)]
  0x00000247372cc000 JavaThread "Reference Handler" daemon [_thread_blocked, id=2744, stack(0x000000a2f7a00000,0x000000a2f7b00000)]
  0x00000247372d5800 JavaThread "Finalizer" daemon [_thread_blocked, id=18864, stack(0x000000a2f7b00000,0x000000a2f7c00000)]
  0x00000247372e7000 JavaThread "Signal Dispatcher" daemon [_thread_blocked, id=13852, stack(0x000000a2f7c00000,0x000000a2f7d00000)]
  0x00000247372e7800 JavaThread "Attach Listener" daemon [_thread_blocked, id=4248, stack(0x000000a2f7d00000,0x000000a2f7e00000)]
  0x00000247372e9000 JavaThread "Service Thread" daemon [_thread_blocked, id=17432, stack(0x000000a2f7e00000,0x000000a2f7f00000)]
=>0x00000247372ea800 JavaThread "C2 CompilerThread0" daemon [_thread_in_native, id=18016, stack(0x000000a2f7f00000,0x000000a2f8000000)]
  0x00000247372f1800 JavaThread "C1 CompilerThread0" daemon [_thread_blocked, id=23092, stack(0x000000a2f8000000,0x000000a2f8100000)]
  0x0000024737303800 JavaThread "Sweeper thread" daemon [_thread_blocked, id=16564, stack(0x000000a2f8100000,0x000000a2f8200000)]
  0x0000024737de4000 JavaThread "Common-Cleaner" daemon [_thread_blocked, id=17176, stack(0x000000a2f8200000,0x000000a2f8300000)]
  0x0000024739707800 JavaThread "Daemon health stats" [_thread_blocked, id=15424, stack(0x000000a2f8500000,0x000000a2f8600000)]
  0x000002473928a800 JavaThread "Incoming local TCP Connector on port 55911" [_thread_in_native, id=18744, stack(0x000000a2f8900000,0x000000a2f8a00000)]
  0x0000024739693800 JavaThread "Daemon periodic checks" [_thread_blocked, id=18340, stack(0x000000a2f8a00000,0x000000a2f8b00000)]
  0x00000247393ee800 JavaThread "Daemon" [_thread_blocked, id=1188, stack(0x000000a2f8b00000,0x000000a2f8c00000)]
  0x00000247391f7800 JavaThread "Handler for socket connection from /127.0.0.1:55911 to /127.0.0.1:55919" [_thread_in_native, id=1748, stack(0x000000a2f8c00000,0x000000a2f8d00000)]
  0x000002473945d000 JavaThread "Cancel handler" [_thread_blocked, id=15456, stack(0x000000a2f8d00000,0x000000a2f8e00000)]
  0x0000024739e66000 JavaThread "Daemon worker" [_thread_blocked, id=5256, stack(0x000000a2f8e00000,0x000000a2f8f00000)]
  0x0000024739e66800 JavaThread "Asynchronous log dispatcher for DefaultDaemonConnection: socket connection from /127.0.0.1:55911 to /127.0.0.1:55919" [_thread_blocked, id=23316, stack(0x000000a2f8f00000,0x000000a2f9000000)]
  0x0000024739812000 JavaThread "Stdin handler" [_thread_blocked, id=22124, stack(0x000000a2f9000000,0x000000a2f9100000)]
  0x0000024739ced800 JavaThread "Daemon client event forwarder" [_thread_blocked, id=9192, stack(0x000000a2f9100000,0x000000a2f9200000)]
  0x0000024739ce8800 JavaThread "Cache worker for journal cache (C:\Users\Keyner\.gradle\caches\journal-1)" [_thread_blocked, id=10400, stack(0x000000a2f9a00000,0x000000a2f9b00000)]
  0x0000024739ce7800 JavaThread "File lock request listener" [_thread_in_native, id=21648, stack(0x000000a2f9b00000,0x000000a2f9c00000)]
  0x0000024739ceb000 JavaThread "Cache worker for file hash cache (C:\Users\Keyner\.gradle\caches\8.0.1\fileHashes)" [_thread_blocked, id=4332, stack(0x000000a2f9c00000,0x000000a2f9d00000)]
  0x0000024739ce9800 JavaThread "File lock release action executor" [_thread_blocked, id=4336, stack(0x000000a2f9d00000,0x000000a2f9e00000)]
  0x0000024739cee000 JavaThread "File watcher server" daemon [_thread_in_native, id=10120, stack(0x000000a2f9e00000,0x000000a2f9f00000)]
  0x0000024739ceb800 JavaThread "File watcher consumer" daemon [_thread_blocked, id=4572, stack(0x000000a2f9f00000,0x000000a2fa000000)]
  0x0000024739cea000 JavaThread "Cache worker for checksums cache (C:\Users\Keyner\Desktop\pokedex\android\.gradle\8.0.1\checksums)" [_thread_blocked, id=3752, stack(0x000000a2fa000000,0x000000a2fa100000)]
  0x0000024739cec800 JavaThread "Cache worker for cache directory md-rule (C:\Users\Keyner\.gradle\caches\8.0.1\md-rule)" [_thread_blocked, id=15948, stack(0x000000a2fa100000,0x000000a2fa200000)]
  0x000002473c3db000 JavaThread "Cache worker for file content cache (C:\Users\Keyner\.gradle\caches\8.0.1\fileContent)" [_thread_blocked, id=15512, stack(0x000000a2fa200000,0x000000a2fa300000)]
  0x000002473c3d9800 JavaThread "Cache worker for file hash cache (C:\Users\Keyner\Desktop\pokedex\android\.gradle\8.0.1\fileHashes)" [_thread_blocked, id=3956, stack(0x000000a2fa300000,0x000000a2fa400000)]
  0x000002473c3dc000 JavaThread "Cache worker for cache directory md-supplier (C:\Users\Keyner\.gradle\caches\8.0.1\md-supplier)" [_thread_blocked, id=23340, stack(0x000000a2fa400000,0x000000a2fa500000)]
  0x000002473c3da800 JavaThread "Cache worker for execution history cache (C:\Users\Keyner\.gradle\caches\8.0.1\executionHistory)" [_thread_blocked, id=20116, stack(0x000000a2fa500000,0x000000a2fa600000)]
  0x000002473c3e1000 JavaThread "jar transforms" [_thread_blocked, id=20296, stack(0x000000a2fa600000,0x000000a2fa700000)]
  0x000002473c3dd000 JavaThread "jar transforms Thread 2" [_thread_blocked, id=15988, stack(0x000000a2fa700000,0x000000a2fa800000)]
  0x000002473c3de800 JavaThread "jar transforms Thread 3" [_thread_blocked, id=800, stack(0x000000a2fa800000,0x000000a2fa900000)]
  0x000002473c3e3800 JavaThread "jar transforms Thread 4" [_thread_blocked, id=19144, stack(0x000000a2fa900000,0x000000a2faa00000)]
  0x000002473c3df800 JavaThread "Cache worker for kotlin-dsl (C:\Users\Keyner\.gradle\caches\8.0.1\kotlin-dsl)" [_thread_blocked, id=9744, stack(0x000000a2faa00000,0x000000a2fab00000)]
  0x000002473c3e1800 JavaThread "jar transforms Thread 5" [_thread_blocked, id=18420, stack(0x000000a2fab00000,0x000000a2fac00000)]
  0x000002473c3e2800 JavaThread "jar transforms Thread 6" [_thread_blocked, id=4076, stack(0x000000a2fac00000,0x000000a2fad00000)]
  0x000002473c3dd800 JavaThread "Cache worker for dependencies-accessors (C:\Users\Keyner\Desktop\pokedex\android\.gradle\8.0.1\dependencies-accessors)" [_thread_blocked, id=22688, stack(0x000000a2fad00000,0x000000a2fae00000)]
  0x000002473c3e6800 JavaThread "Cache worker for Build Output Cleanup Cache (C:\Users\Keyner\Desktop\pokedex\node_modules\@react-native\gradle-plugin\.gradle\buildOutputCleanup)" [_thread_blocked, id=2236, stack(0x000000a2fae00000,0x000000a2faf00000)]
  0x000002473c3e7800 JavaThread "jar transforms Thread 7" [_thread_blocked, id=15752, stack(0x000000a2faf00000,0x000000a2fb000000)]
  0x000002473c3e8800 JavaThread "Unconstrained build operations" [_thread_blocked, id=12272, stack(0x000000a2fb000000,0x000000a2fb100000)]
  0x000002473c3e5000 JavaThread "Unconstrained build operations Thread 2" [_thread_blocked, id=20744, stack(0x000000a2fb100000,0x000000a2fb200000)]
  0x000002473c3e6000 JavaThread "Unconstrained build operations Thread 3" [_thread_blocked, id=16156, stack(0x000000a2fb200000,0x000000a2fb300000)]
  0x000002473c3e4000 JavaThread "Unconstrained build operations Thread 4" [_thread_blocked, id=23292, stack(0x000000a2fb300000,0x000000a2fb400000)]
  0x000002473cd83000 JavaThread "Unconstrained build operations Thread 5" [_thread_blocked, id=4240, stack(0x000000a2fb400000,0x000000a2fb500000)]
  0x000002473cd7f800 JavaThread "Unconstrained build operations Thread 6" [_thread_blocked, id=21540, stack(0x000000a2fb500000,0x000000a2fb600000)]
  0x000002473cd80800 JavaThread "Unconstrained build operations Thread 7" [_thread_blocked, id=9180, stack(0x000000a2fb600000,0x000000a2fb700000)]
  0x000002473cd84800 JavaThread "Unconstrained build operations Thread 8" [_thread_blocked, id=20164, stack(0x000000a2fb700000,0x000000a2fb800000)]
  0x000002473cd81800 JavaThread "Unconstrained build operations Thread 9" [_thread_blocked, id=4744, stack(0x000000a2fb800000,0x000000a2fb900000)]
  0x000002473cd83800 JavaThread "Unconstrained build operations Thread 10" [_thread_blocked, id=21476, stack(0x000000a2fb900000,0x000000a2fba00000)]
  0x000002473cd82000 JavaThread "Unconstrained build operations Thread 11" [_thread_blocked, id=3392, stack(0x000000a2fba00000,0x000000a2fbb00000)]
  0x000002473cd7f000 JavaThread "Unconstrained build operations Thread 12" [_thread_blocked, id=5536, stack(0x000000a2fbb00000,0x000000a2fbc00000)]
  0x000002473cd87000 JavaThread "Unconstrained build operations Thread 13" [_thread_blocked, id=18200, stack(0x000000a2fbc00000,0x000000a2fbd00000)]
  0x000002473cd88000 JavaThread "Unconstrained build operations Thread 14" [_thread_blocked, id=14560, stack(0x000000a2fbd00000,0x000000a2fbe00000)]
  0x000002473cd86000 JavaThread "Unconstrained build operations Thread 15" [_thread_blocked, id=5076, stack(0x000000a2fbe00000,0x000000a2fbf00000)]
  0x000002473cd85800 JavaThread "Unconstrained build operations Thread 16" [_thread_blocked, id=22640, stack(0x000000a2fbf00000,0x000000a2fc000000)]
  0x000002473cd8b000 JavaThread "Unconstrained build operations Thread 17" [_thread_blocked, id=21356, stack(0x000000a2fc000000,0x000000a2fc100000)]
  0x000002473cd8c000 JavaThread "Unconstrained build operations Thread 18" [_thread_blocked, id=14512, stack(0x000000a2fc100000,0x000000a2fc200000)]
  0x000002473cd8c800 JavaThread "Unconstrained build operations Thread 19" [_thread_blocked, id=21664, stack(0x000000a2fc200000,0x000000a2fc300000)]
  0x000002473cd8d800 JavaThread "Unconstrained build operations Thread 20" [_thread_blocked, id=11736, stack(0x000000a2fc300000,0x000000a2fc400000)]
  0x000002473cd88800 JavaThread "Unconstrained build operations Thread 21" [_thread_blocked, id=15488, stack(0x000000a2fc400000,0x000000a2fc500000)]
  0x000002473cd8a000 JavaThread "Unconstrained build operations Thread 22" [_thread_blocked, id=5248, stack(0x000000a2fc500000,0x000000a2fc600000)]
  0x000002473cd89800 JavaThread "Unconstrained build operations Thread 23" [_thread_blocked, id=19884, stack(0x000000a2fc600000,0x000000a2fc700000)]
  0x000002473e024800 JavaThread "Unconstrained build operations Thread 24" [_thread_blocked, id=10956, stack(0x000000a2fc700000,0x000000a2fc800000)]
  0x000002473e029800 JavaThread "Unconstrained build operations Thread 25" [_thread_blocked, id=22208, stack(0x000000a2fc800000,0x000000a2fc900000)]
  0x000002473e026000 JavaThread "Unconstrained build operations Thread 26" [_thread_blocked, id=15060, stack(0x000000a2fc900000,0x000000a2fca00000)]
  0x000002473e02b000 JavaThread "jar transforms Thread 8" [_thread_blocked, id=18360, stack(0x000000a2fca00000,0x000000a2fcb00000)]
  0x000002473e025800 JavaThread "jar transforms Thread 9" [_thread_blocked, id=23336, stack(0x000000a2fcb00000,0x000000a2fcc00000)]
  0x000002473e027000 JavaThread "jar transforms Thread 10" [_thread_blocked, id=21392, stack(0x000000a2fcc00000,0x000000a2fcd00000)]
  0x000002473e02c000 JavaThread "jar transforms Thread 11" [_thread_blocked, id=15240, stack(0x000000a2fcd00000,0x000000a2fce00000)]
  0x000002473e028800 JavaThread "jar transforms Thread 12" [_thread_blocked, id=17308, stack(0x000000a2fce00000,0x000000a2fcf00000)]
  0x000002473e02a000 JavaThread "Memory manager" [_thread_blocked, id=7580, stack(0x000000a2fcf00000,0x000000a2fd000000)]
  0x000002473e02d800 JavaThread "Cache worker for Build Output Cleanup Cache (C:\Users\Keyner\Desktop\pokedex\android\.gradle\buildOutputCleanup)" [_thread_blocked, id=22036, stack(0x000000a2fd200000,0x000000a2fd300000)]
  0x000002473e028000 JavaThread "included builds" [_thread_blocked, id=15448, stack(0x000000a2fd300000,0x000000a2fd400000)]
  0x000002473e02f000 JavaThread "Execution worker" [_thread_blocked, id=13736, stack(0x000000a2fd400000,0x000000a2fd500000)]
  0x000002473e02e800 JavaThread "Execution worker Thread 2" [_thread_blocked, id=1496, stack(0x000000a2fd500000,0x000000a2fd600000)]
  0x000002473e030000 JavaThread "Execution worker Thread 3" [_thread_in_Java, id=22796, stack(0x000000a2fd600000,0x000000a2fd700000)]
  0x000002473e030800 JavaThread "Execution worker Thread 4" [_thread_blocked, id=10728, stack(0x000000a2fd700000,0x000000a2fd800000)]
  0x000002473e032800 JavaThread "Execution worker Thread 5" [_thread_blocked, id=13880, stack(0x000000a2fd800000,0x000000a2fd900000)]
  0x000002473e031800 JavaThread "Execution worker Thread 6" [_thread_blocked, id=3600, stack(0x000000a2fd900000,0x000000a2fda00000)]
  0x000002473e02c800 JavaThread "Execution worker Thread 7" [_thread_blocked, id=22532, stack(0x000000a2fda00000,0x000000a2fdb00000)]
  0x000002473e033000 JavaThread "Execution worker Thread 8" [_thread_blocked, id=23112, stack(0x000000a2fdb00000,0x000000a2fdc00000)]
  0x000002473815d800 JavaThread "Execution worker Thread 9" [_thread_blocked, id=21736, stack(0x000000a2fdc00000,0x000000a2fdd00000)]
  0x000002473815f000 JavaThread "Execution worker Thread 10" [_thread_blocked, id=8804, stack(0x000000a2fdd00000,0x000000a2fde00000)]
  0x0000024738160000 JavaThread "Execution worker Thread 11" [_thread_blocked, id=1608, stack(0x000000a2fde00000,0x000000a2fdf00000)]
  0x000002473815c800 JavaThread "Cache worker for execution history cache (C:\Users\Keyner\Desktop\pokedex\node_modules\@react-native\gradle-plugin\.gradle\8.0.1\executionHistory)" [_thread_blocked, id=9652, stack(0x000000a2fdf00000,0x000000a2fe000000)]
  0x0000024738161000 JavaThread "Unconstrained build operations Thread 27" [_thread_blocked, id=16768, stack(0x000000a2fe000000,0x000000a2fe100000)]
  0x0000024738161800 JavaThread "Unconstrained build operations Thread 28" [_thread_blocked, id=10512, stack(0x000000a2fe100000,0x000000a2fe200000)]
  0x0000024738162800 JavaThread "Unconstrained build operations Thread 29" [_thread_blocked, id=15652, stack(0x000000a2fe200000,0x000000a2fe300000)]
  0x0000024738163000 JavaThread "Unconstrained build operations Thread 30" [_thread_blocked, id=20856, stack(0x000000a2fe300000,0x000000a2fe400000)]
  0x000002473815e800 JavaThread "Unconstrained build operations Thread 31" [_thread_blocked, id=23504, stack(0x000000a2fe400000,0x000000a2fe500000)]
  0x0000024738164000 JavaThread "Unconstrained build operations Thread 32" [_thread_blocked, id=8076, stack(0x000000a2fe500000,0x000000a2fe600000)]
  0x000002473816a000 JavaThread "Unconstrained build operations Thread 33" [_thread_blocked, id=18476, stack(0x000000a2fe600000,0x000000a2fe700000)]
  0x0000024738165800 JavaThread "Unconstrained build operations Thread 34" [_thread_blocked, id=18972, stack(0x000000a2fe700000,0x000000a2fe800000)]
  0x0000024738167800 JavaThread "Unconstrained build operations Thread 35" [_thread_blocked, id=21824, stack(0x000000a2fe800000,0x000000a2fe900000)]
  0x000002473816a800 JavaThread "Unconstrained build operations Thread 36" [_thread_blocked, id=20372, stack(0x000000a2fe900000,0x000000a2fea00000)]
  0x0000024738168000 JavaThread "Unconstrained build operations Thread 37" [_thread_blocked, id=22772, stack(0x000000a2fea00000,0x000000a2feb00000)]
  0x0000024738165000 JavaThread "Unconstrained build operations Thread 38" [_thread_blocked, id=8860, stack(0x000000a2feb00000,0x000000a2fec00000)]
  0x000002473816b800 JavaThread "Unconstrained build operations Thread 39" [_thread_blocked, id=3920, stack(0x000000a2fec00000,0x000000a2fed00000)]
  0x0000024738166800 JavaThread "Unconstrained build operations Thread 40" [_thread_blocked, id=12488, stack(0x000000a2fed00000,0x000000a2fee00000)]
  0x0000024738169000 JavaThread "Unconstrained build operations Thread 41" [_thread_blocked, id=11272, stack(0x000000a2fee00000,0x000000a2fef00000)]
  0x000002473ea8e000 JavaThread "Unconstrained build operations Thread 42" [_thread_blocked, id=10600, stack(0x000000a2fef00000,0x000000a2ff000000)]
  0x000002473ea8a800 JavaThread "Unconstrained build operations Thread 43" [_thread_blocked, id=22508, stack(0x000000a2ff000000,0x000000a2ff100000)]
  0x000002473ea8f800 JavaThread "Unconstrained build operations Thread 44" [_thread_blocked, id=15644, stack(0x000000a2ff100000,0x000000a2ff200000)]
  0x000002473ea8b800 JavaThread "Unconstrained build operations Thread 45" [_thread_blocked, id=15564, stack(0x000000a2ff200000,0x000000a2ff300000)]
  0x000002473ea8c000 JavaThread "Unconstrained build operations Thread 46" [_thread_blocked, id=21876, stack(0x000000a2ff300000,0x000000a2ff400000)]
  0x000002473ea8e800 JavaThread "Unconstrained build operations Thread 47" [_thread_blocked, id=7948, stack(0x000000a2ff400000,0x000000a2ff500000)]
  0x000002473ea89800 JavaThread "Unconstrained build operations Thread 48" [_thread_blocked, id=22684, stack(0x000000a2ff500000,0x000000a2ff600000)]
  0x000002473ea90800 JavaThread "Unconstrained build operations Thread 49" [_thread_blocked, id=16648, stack(0x000000a2ff600000,0x000000a2ff700000)]
  0x000002473ea91000 JavaThread "Unconstrained build operations Thread 50" [_thread_blocked, id=12624, stack(0x000000a2ff700000,0x000000a2ff800000)]
  0x000002473ea92000 JavaThread "Unconstrained build operations Thread 51" [_thread_blocked, id=12764, stack(0x000000a2ff800000,0x000000a2ff900000)]

Other Threads:
  0x00000247372c4800 VMThread "VM Thread" [stack: 0x000000a2f7900000,0x000000a2f7a00000] [id=21632]
  0x0000024737e18800 WatcherThread [stack: 0x000000a2f8300000,0x000000a2f8400000] [id=18316]
  0x0000024717dce800 GCTaskThread "GC Thread#0" [stack: 0x000000a2f7400000,0x000000a2f7500000] [id=8284]
  0x00000247387dd800 GCTaskThread "GC Thread#1" [stack: 0x000000a2f8400000,0x000000a2f8500000] [id=2496]
  0x0000024739540000 GCTaskThread "GC Thread#2" [stack: 0x000000a2f8600000,0x000000a2f8700000] [id=23532]
  0x00000247390f8000 GCTaskThread "GC Thread#3" [stack: 0x000000a2f8700000,0x000000a2f8800000] [id=11060]
  0x0000024739cc9800 GCTaskThread "GC Thread#4" [stack: 0x000000a2f9200000,0x000000a2f9300000] [id=19504]
  0x0000024739fe5000 GCTaskThread "GC Thread#5" [stack: 0x000000a2f9300000,0x000000a2f9400000] [id=20924]
  0x0000024739684800 GCTaskThread "GC Thread#6" [stack: 0x000000a2f9400000,0x000000a2f9500000] [id=17180]
  0x0000024739cf5800 GCTaskThread "GC Thread#7" [stack: 0x000000a2f9500000,0x000000a2f9600000] [id=16228]
  0x0000024739ca8800 GCTaskThread "GC Thread#8" [stack: 0x000000a2f9600000,0x000000a2f9700000] [id=9152]
  0x0000024739ccb800 GCTaskThread "GC Thread#9" [stack: 0x000000a2f9700000,0x000000a2f9800000] [id=15836]
  0x0000024717dff800 ConcurrentGCThread "G1 Main Marker" [stack: 0x000000a2f7500000,0x000000a2f7600000] [id=1092]
  0x0000024717e01000 ConcurrentGCThread "G1 Conc#0" [stack: 0x000000a2f7600000,0x000000a2f7700000] [id=7080]
  0x000002473a063800 ConcurrentGCThread "G1 Conc#1" [stack: 0x000000a2f9800000,0x000000a2f9900000] [id=20132]
  0x000002473a066800 ConcurrentGCThread "G1 Conc#2" [stack: 0x000000a2f9900000,0x000000a2f9a00000] [id=20100]
  0x0000024737137800 ConcurrentGCThread "G1 Refine#0" [stack: 0x000000a2f7700000,0x000000a2f7800000] [id=2892]
  0x000002473955c800 ConcurrentGCThread "G1 Refine#1" [stack: 0x000000a2f8800000,0x000000a2f8900000] [id=17876]
  0x0000024737138000 ConcurrentGCThread "G1 Young RemSet Sampling" [stack: 0x000000a2f7800000,0x000000a2f7900000] [id=17060]

Threads with active compile tasks:
C2 CompilerThread0    38931 7138 %     4       org.gradle.internal.instantiation.generator.AbstractClassGenerator::inspectType @ 107 (560 bytes)

VM state:not at safepoint (normal execution)

VM Mutex/Monitor currently owned by a thread: None

Heap address: 0x0000000080000000, size: 2048 MB, Compressed Oops mode: 32-bit
Narrow klass base: 0x0000000000000000, Narrow klass shift: 3
Compressed class space size: 528482304 Address: 0x0000000100000000

Heap:
 garbage-first heap   total 115712K, used 65324K [0x0000000080000000, 0x0000000100000000)
  region size 1024K, 18 young (18432K), 6 survivors (6144K)
 Metaspace       used 70818K, capacity 73009K, committed 73224K, reserved 579584K
  class space    used 9231K, capacity 10130K, committed 10240K, reserved 516096K
Heap Regions: E=young(eden), S=young(survivor), O=old, HS=humongous(starts), HC=humongous(continues), CS=collection set, F=free, A=archive, TAMS=top-at-mark-start (previous, next)
|   0|0x0000000080000000, 0x0000000080100000, 0x0000000080100000|100%|HS|  |TAMS 0x0000000080100000, 0x0000000080000000| Complete 
|   1|0x0000000080100000, 0x0000000080200000, 0x0000000080200000|100%|HC|  |TAMS 0x0000000080200000, 0x0000000080100000| Complete 
|   2|0x0000000080200000, 0x0000000080300000, 0x0000000080300000|100%|HC|  |TAMS 0x0000000080300000, 0x0000000080200000| Complete 
|   3|0x0000000080300000, 0x0000000080400000, 0x0000000080400000|100%|HC|  |TAMS 0x0000000080400000, 0x0000000080300000| Complete 
|   4|0x0000000080400000, 0x0000000080500000, 0x0000000080500000|100%| O|  |TAMS 0x0000000080500000, 0x0000000080400000| Untracked 
|   5|0x0000000080500000, 0x0000000080600000, 0x0000000080600000|100%| O|  |TAMS 0x0000000080600000, 0x0000000080500000| Untracked 
|   6|0x0000000080600000, 0x0000000080700000, 0x0000000080700000|100%| O|  |TAMS 0x0000000080700000, 0x0000000080600000| Untracked 
|   7|0x0000000080700000, 0x0000000080800000, 0x0000000080800000|100%| O|  |TAMS 0x0000000080800000, 0x0000000080700000| Untracked 
|   8|0x0000000080800000, 0x0000000080900000, 0x0000000080900000|100%| O|  |TAMS 0x0000000080900000, 0x0000000080800000| Untracked 
|   9|0x0000000080900000, 0x0000000080a00000, 0x0000000080a00000|100%| O|  |TAMS 0x0000000080a00000, 0x0000000080900000| Untracked 
|  10|0x0000000080a00000, 0x0000000080b00000, 0x0000000080b00000|100%| O|  |TAMS 0x0000000080b00000, 0x0000000080a00000| Untracked 
|  11|0x0000000080b00000, 0x0000000080c00000, 0x0000000080c00000|100%| O|  |TAMS 0x0000000080c00000, 0x0000000080b00000| Untracked 
|  12|0x0000000080c00000, 0x0000000080d00000, 0x0000000080d00000|100%| O|  |TAMS 0x0000000080d00000, 0x0000000080c00000| Untracked 
|  13|0x0000000080d00000, 0x0000000080e00000, 0x0000000080e00000|100%| O|  |TAMS 0x0000000080e00000, 0x0000000080d00000| Untracked 
|  14|0x0000000080e00000, 0x0000000080f00000, 0x0000000080f00000|100%| O|  |TAMS 0x0000000080f00000, 0x0000000080e00000| Untracked 
|  15|0x0000000080f00000, 0x0000000081000000, 0x0000000081000000|100%| O|  |TAMS 0x0000000081000000, 0x0000000080f00000| Untracked 
|  16|0x0000000081000000, 0x0000000081100000, 0x0000000081100000|100%| O|  |TAMS 0x0000000081100000, 0x0000000081000000| Untracked 
|  17|0x0000000081100000, 0x0000000081200000, 0x0000000081200000|100%| O|  |TAMS 0x0000000081200000, 0x0000000081100000| Untracked 
|  18|0x0000000081200000, 0x0000000081300000, 0x0000000081300000|100%| O|  |TAMS 0x0000000081300000, 0x0000000081200000| Untracked 
|  19|0x0000000081300000, 0x0000000081400000, 0x0000000081400000|100%| O|  |TAMS 0x0000000081400000, 0x0000000081300000| Untracked 
|  20|0x0000000081400000, 0x0000000081500000, 0x0000000081500000|100%| O|  |TAMS 0x0000000081500000, 0x0000000081400000| Untracked 
|  21|0x0000000081500000, 0x0000000081600000, 0x0000000081600000|100%| O|  |TAMS 0x0000000081600000, 0x0000000081500000| Untracked 
|  22|0x0000000081600000, 0x0000000081700000, 0x0000000081700000|100%| O|  |TAMS 0x0000000081700000, 0x0000000081600000| Untracked 
|  23|0x0000000081700000, 0x0000000081800000, 0x0000000081800000|100%| O|  |TAMS 0x0000000081800000, 0x0000000081700000| Untracked 
|  24|0x0000000081800000, 0x0000000081900000, 0x0000000081900000|100%| O|  |TAMS 0x0000000081900000, 0x0000000081800000| Untracked 
|  25|0x0000000081900000, 0x0000000081a00000, 0x0000000081a00000|100%| O|  |TAMS 0x0000000081a00000, 0x0000000081900000| Untracked 
|  26|0x0000000081a00000, 0x0000000081b00000, 0x0000000081b00000|100%| O|  |TAMS 0x0000000081b00000, 0x0000000081a00000| Untracked 
|  27|0x0000000081b00000, 0x0000000081c00000, 0x0000000081c00000|100%| O|  |TAMS 0x0000000081c00000, 0x0000000081b00000| Untracked 
|  28|0x0000000081c00000, 0x0000000081d00000, 0x0000000081d00000|100%| O|  |TAMS 0x0000000081d00000, 0x0000000081c00000| Untracked 
|  29|0x0000000081d00000, 0x0000000081e00000, 0x0000000081e00000|100%| O|  |TAMS 0x0000000081e00000, 0x0000000081d00000| Untracked 
|  30|0x0000000081e00000, 0x0000000081f00000, 0x0000000081f00000|100%|HS|  |TAMS 0x0000000081f00000, 0x0000000081e00000| Complete 
|  31|0x0000000081f00000, 0x0000000082000000, 0x0000000082000000|100%|HC|  |TAMS 0x0000000082000000, 0x0000000081f00000| Complete 
|  32|0x0000000082000000, 0x0000000082100000, 0x0000000082100000|100%|HS|  |TAMS 0x0000000082100000, 0x0000000082000000| Complete 
|  33|0x0000000082100000, 0x0000000082200000, 0x0000000082200000|100%|HC|  |TAMS 0x0000000082200000, 0x0000000082100000| Complete 
|  34|0x0000000082200000, 0x0000000082300000, 0x0000000082300000|100%|HC|  |TAMS 0x0000000082300000, 0x0000000082200000| Complete 
|  35|0x0000000082300000, 0x0000000082400000, 0x0000000082400000|100%|HC|  |TAMS 0x0000000082400000, 0x0000000082300000| Complete 
|  36|0x0000000082400000, 0x0000000082500000, 0x0000000082500000|100%| O|  |TAMS 0x0000000082500000, 0x0000000082400000| Untracked 
|  37|0x0000000082500000, 0x0000000082600000, 0x0000000082600000|100%| O|  |TAMS 0x0000000082600000, 0x0000000082500000| Untracked 
|  38|0x0000000082600000, 0x0000000082700000, 0x0000000082700000|100%| O|  |TAMS 0x0000000082700000, 0x0000000082600000| Untracked 
|  39|0x0000000082700000, 0x0000000082800000, 0x0000000082800000|100%| O|  |TAMS 0x0000000082800000, 0x0000000082700000| Untracked 
|  40|0x0000000082800000, 0x0000000082900000, 0x0000000082900000|100%| O|  |TAMS 0x0000000082900000, 0x0000000082800000| Untracked 
|  41|0x0000000082900000, 0x0000000082a00000, 0x0000000082a00000|100%| O|  |TAMS 0x0000000082a00000, 0x0000000082900000| Untracked 
|  42|0x0000000082a00000, 0x0000000082b00000, 0x0000000082b00000|100%| O|  |TAMS 0x0000000082ab0200, 0x0000000082a00000| Untracked 
|  43|0x0000000082b00000, 0x0000000082c00000, 0x0000000082c00000|100%| O|  |TAMS 0x0000000082b00000, 0x0000000082b00000| Untracked 
|  44|0x0000000082c00000, 0x0000000082d00000, 0x0000000082d00000|100%| O|  |TAMS 0x0000000082c00000, 0x0000000082c00000| Untracked 
|  45|0x0000000082d00000, 0x0000000082e00000, 0x0000000082e00000|100%| O|  |TAMS 0x0000000082d00000, 0x0000000082d00000| Untracked 
|  46|0x0000000082e00000, 0x0000000082f00000, 0x0000000082f00000|100%| O|  |TAMS 0x0000000082e00000, 0x0000000082e00000| Untracked 
|  47|0x0000000082f00000, 0x0000000082f07400, 0x0000000083000000|  2%| O|  |TAMS 0x0000000082f00000, 0x0000000082f00000| Untracked 
|  48|0x0000000083000000, 0x0000000083000000, 0x0000000083100000|  0%| F|  |TAMS 0x0000000083000000, 0x0000000083000000| Untracked 
|  49|0x0000000083100000, 0x0000000083100000, 0x0000000083200000|  0%| F|  |TAMS 0x0000000083100000, 0x0000000083100000| Untracked 
|  50|0x0000000083200000, 0x0000000083200000, 0x0000000083300000|  0%| F|  |TAMS 0x0000000083200000, 0x0000000083200000| Untracked 
|  51|0x0000000083300000, 0x0000000083300000, 0x0000000083400000|  0%| F|  |TAMS 0x0000000083300000, 0x0000000083300000| Untracked 
|  52|0x0000000083400000, 0x0000000083400000, 0x0000000083500000|  0%| F|  |TAMS 0x0000000083400000, 0x0000000083400000| Untracked 
|  53|0x0000000083500000, 0x0000000083500000, 0x0000000083600000|  0%| F|  |TAMS 0x0000000083500000, 0x0000000083500000| Untracked 
|  54|0x0000000083600000, 0x0000000083600000, 0x0000000083700000|  0%| F|  |TAMS 0x0000000083600000, 0x0000000083600000| Untracked 
|  55|0x0000000083700000, 0x0000000083700000, 0x0000000083800000|  0%| F|  |TAMS 0x0000000083700000, 0x0000000083700000| Untracked 
|  56|0x0000000083800000, 0x0000000083800000, 0x0000000083900000|  0%| F|  |TAMS 0x0000000083800000, 0x0000000083800000| Untracked 
|  57|0x0000000083900000, 0x0000000083900000, 0x0000000083a00000|  0%| F|  |TAMS 0x0000000083900000, 0x0000000083900000| Untracked 
|  58|0x0000000083a00000, 0x0000000083a00000, 0x0000000083b00000|  0%| F|  |TAMS 0x0000000083a00000, 0x0000000083a00000| Untracked 
|  59|0x0000000083b00000, 0x0000000083b00000, 0x0000000083c00000|  0%| F|  |TAMS 0x0000000083b00000, 0x0000000083b00000| Untracked 
|  60|0x0000000083c00000, 0x0000000083c00000, 0x0000000083d00000|  0%| F|  |TAMS 0x0000000083c00000, 0x0000000083c00000| Untracked 
|  61|0x0000000083d00000, 0x0000000083d00000, 0x0000000083e00000|  0%| F|  |TAMS 0x0000000083d00000, 0x0000000083d00000| Untracked 
|  62|0x0000000083e00000, 0x0000000083e00000, 0x0000000083f00000|  0%| F|  |TAMS 0x0000000083e00000, 0x0000000083e00000| Untracked 
|  63|0x0000000083f00000, 0x0000000083f00000, 0x0000000084000000|  0%| F|  |TAMS 0x0000000083f00000, 0x0000000083f00000| Untracked 
|  64|0x0000000084000000, 0x00000000840c3c30, 0x0000000084100000| 76%| S|CS|TAMS 0x0000000084000000, 0x0000000084000000| Complete 
|  65|0x0000000084100000, 0x0000000084200000, 0x0000000084200000|100%| S|CS|TAMS 0x0000000084100000, 0x0000000084100000| Complete 
|  66|0x0000000084200000, 0x0000000084300000, 0x0000000084300000|100%| S|CS|TAMS 0x0000000084200000, 0x0000000084200000| Complete 
|  67|0x0000000084300000, 0x0000000084300000, 0x0000000084400000|  0%| F|  |TAMS 0x0000000084300000, 0x0000000084300000| Untracked 
|  68|0x0000000084400000, 0x0000000084500000, 0x0000000084500000|100%| S|CS|TAMS 0x0000000084400000, 0x0000000084400000| Complete 
|  69|0x0000000084500000, 0x0000000084600000, 0x0000000084600000|100%| S|CS|TAMS 0x0000000084500000, 0x0000000084500000| Complete 
|  70|0x0000000084600000, 0x0000000084600000, 0x0000000084700000|  0%| F|  |TAMS 0x0000000084600000, 0x0000000084600000| Untracked 
|  71|0x0000000084700000, 0x0000000084700000, 0x0000000084800000|  0%| F|  |TAMS 0x0000000084700000, 0x0000000084700000| Untracked 
|  72|0x0000000084800000, 0x0000000084900000, 0x0000000084900000|100%| S|CS|TAMS 0x0000000084800000, 0x0000000084800000| Complete 
|  73|0x0000000084900000, 0x0000000084900000, 0x0000000084a00000|  0%| F|  |TAMS 0x0000000084900000, 0x0000000084900000| Untracked 
|  74|0x0000000084a00000, 0x0000000084a00000, 0x0000000084b00000|  0%| F|  |TAMS 0x0000000084a00000, 0x0000000084a00000| Untracked 
|  75|0x0000000084b00000, 0x0000000084b00000, 0x0000000084c00000|  0%| F|  |TAMS 0x0000000084b00000, 0x0000000084b00000| Untracked 
|  76|0x0000000084c00000, 0x0000000084c00000, 0x0000000084d00000|  0%| F|  |TAMS 0x0000000084c00000, 0x0000000084c00000| Untracked 
|  77|0x0000000084d00000, 0x0000000084d00000, 0x0000000084e00000|  0%| F|  |TAMS 0x0000000084d00000, 0x0000000084d00000| Untracked 
|  78|0x0000000084e00000, 0x0000000084e00000, 0x0000000084f00000|  0%| F|  |TAMS 0x0000000084e00000, 0x0000000084e00000| Untracked 
|  79|0x0000000084f00000, 0x0000000084f00000, 0x0000000085000000|  0%| F|  |TAMS 0x0000000084f00000, 0x0000000084f00000| Untracked 
|  80|0x0000000085000000, 0x0000000085000000, 0x0000000085100000|  0%| F|  |TAMS 0x0000000085000000, 0x0000000085000000| Untracked 
|  81|0x0000000085100000, 0x0000000085100000, 0x0000000085200000|  0%| F|  |TAMS 0x0000000085100000, 0x0000000085100000| Untracked 
|  82|0x0000000085200000, 0x0000000085200000, 0x0000000085300000|  0%| F|  |TAMS 0x0000000085200000, 0x0000000085200000| Untracked 
|  83|0x0000000085300000, 0x0000000085300000, 0x0000000085400000|  0%| F|  |TAMS 0x0000000085300000, 0x0000000085300000| Untracked 
|  84|0x0000000085400000, 0x0000000085400000, 0x0000000085500000|  0%| F|  |TAMS 0x0000000085400000, 0x0000000085400000| Untracked 
|  85|0x0000000085500000, 0x0000000085500000, 0x0000000085600000|  0%| F|  |TAMS 0x0000000085500000, 0x0000000085500000| Untracked 
|  86|0x0000000085600000, 0x0000000085600000, 0x0000000085700000|  0%| F|  |TAMS 0x0000000085600000, 0x0000000085600000| Untracked 
|  87|0x0000000085700000, 0x0000000085700000, 0x0000000085800000|  0%| F|  |TAMS 0x0000000085700000, 0x0000000085700000| Untracked 
|  88|0x0000000085800000, 0x0000000085800000, 0x0000000085900000|  0%| F|  |TAMS 0x0000000085800000, 0x0000000085800000| Untracked 
|  89|0x0000000085900000, 0x0000000085900000, 0x0000000085a00000|  0%| F|  |TAMS 0x0000000085900000, 0x0000000085900000| Untracked 
|  90|0x0000000085a00000, 0x0000000085a00000, 0x0000000085b00000|  0%| F|  |TAMS 0x0000000085a00000, 0x0000000085a00000| Untracked 
|  91|0x0000000085b00000, 0x0000000085b00000, 0x0000000085c00000|  0%| F|  |TAMS 0x0000000085b00000, 0x0000000085b00000| Untracked 
|  92|0x0000000085c00000, 0x0000000085c00000, 0x0000000085d00000|  0%| F|  |TAMS 0x0000000085c00000, 0x0000000085c00000| Untracked 
|  93|0x0000000085d00000, 0x0000000085d00000, 0x0000000085e00000|  0%| F|  |TAMS 0x0000000085d00000, 0x0000000085d00000| Untracked 
|  94|0x0000000085e00000, 0x0000000085e00000, 0x0000000085f00000|  0%| F|  |TAMS 0x0000000085e00000, 0x0000000085e00000| Untracked 
|  95|0x0000000085f00000, 0x0000000085f00000, 0x0000000086000000|  0%| F|  |TAMS 0x0000000085f00000, 0x0000000085f00000| Untracked 
|  96|0x0000000086000000, 0x0000000086000000, 0x0000000086100000|  0%| F|  |TAMS 0x0000000086000000, 0x0000000086000000| Untracked 
|  97|0x0000000086100000, 0x0000000086100000, 0x0000000086200000|  0%| F|  |TAMS 0x0000000086100000, 0x0000000086100000| Untracked 
|  98|0x0000000086200000, 0x0000000086200000, 0x0000000086300000|  0%| F|  |TAMS 0x0000000086200000, 0x0000000086200000| Untracked 
|  99|0x0000000086300000, 0x0000000086300000, 0x0000000086400000|  0%| F|  |TAMS 0x0000000086300000, 0x0000000086300000| Untracked 
| 100|0x0000000086400000, 0x0000000086400000, 0x0000000086500000|  0%| F|  |TAMS 0x0000000086400000, 0x0000000086400000| Untracked 
| 101|0x0000000086500000, 0x0000000086554048, 0x0000000086600000| 32%| E|  |TAMS 0x0000000086500000, 0x0000000086500000| Complete 
| 102|0x0000000086600000, 0x0000000086700000, 0x0000000086700000|100%| E|CS|TAMS 0x0000000086600000, 0x0000000086600000| Complete 
| 103|0x0000000086700000, 0x0000000086800000, 0x0000000086800000|100%| E|CS|TAMS 0x0000000086700000, 0x0000000086700000| Complete 
| 104|0x0000000086800000, 0x0000000086900000, 0x0000000086900000|100%| E|CS|TAMS 0x0000000086800000, 0x0000000086800000| Complete 
| 105|0x0000000086900000, 0x0000000086a00000, 0x0000000086a00000|100%| E|CS|TAMS 0x0000000086900000, 0x0000000086900000| Complete 
| 106|0x0000000086a00000, 0x0000000086b00000, 0x0000000086b00000|100%| E|CS|TAMS 0x0000000086a00000, 0x0000000086a00000| Complete 
| 107|0x0000000086b00000, 0x0000000086c00000, 0x0000000086c00000|100%| E|CS|TAMS 0x0000000086b00000, 0x0000000086b00000| Complete 
| 108|0x0000000086c00000, 0x0000000086d00000, 0x0000000086d00000|100%| E|CS|TAMS 0x0000000086c00000, 0x0000000086c00000| Complete 
| 109|0x0000000086d00000, 0x0000000086e00000, 0x0000000086e00000|100%| E|CS|TAMS 0x0000000086d00000, 0x0000000086d00000| Complete 
| 110|0x0000000086e00000, 0x0000000086f00000, 0x0000000086f00000|100%| E|CS|TAMS 0x0000000086e00000, 0x0000000086e00000| Complete 
| 111|0x0000000086f00000, 0x0000000087000000, 0x0000000087000000|100%| E|CS|TAMS 0x0000000086f00000, 0x0000000086f00000| Complete 
| 112|0x0000000087000000, 0x0000000087100000, 0x0000000087100000|100%| E|CS|TAMS 0x0000000087000000, 0x0000000087000000| Complete 

Card table byte_map: [0x000002472fe80000,0x0000024730280000] _byte_map_base: 0x000002472fa80000

Marking Bits (Prev, Next): (CMBitMap*) 0x0000024717df6c48, (CMBitMap*) 0x0000024717df6c80
 Prev Bits: [0x0000024730680000, 0x0000024732680000)
 Next Bits: [0x0000024732680000, 0x0000024734680000)

Polling page: 0x0000024717580000

Metaspace:

Usage:
  Non-class:     61.41 MB capacity,    60.15 MB ( 98%) used,     1.03 MB (  2%) free+waste,   234.69 KB ( <1%) overhead. 
      Class:      9.89 MB capacity,     9.02 MB ( 91%) used,   783.34 KB (  8%) free+waste,   113.25 KB (  1%) overhead. 
       Both:     71.30 MB capacity,    69.17 MB ( 97%) used,     1.79 MB (  3%) free+waste,   347.94 KB ( <1%) overhead. 

Virtual space:
  Non-class space:       62.00 MB reserved,      61.51 MB (>99%) committed 
      Class space:      504.00 MB reserved,      10.00 MB (  2%) committed 
             Both:      566.00 MB reserved,      71.51 MB ( 13%) committed 

Chunk freelists:
   Non-Class:  41.00 KB
       Class:  14.00 KB
        Both:  55.00 KB

MaxMetaspaceSize: 512.00 MB
CompressedClassSpaceSize: 504.00 MB
Initial GC threshold: 20.80 MB
Current GC threshold: 104.60 MB
CDS: off

CodeHeap 'non-profiled nmethods': size=120000Kb used=3842Kb max_used=3842Kb free=116157Kb
 bounds [0x0000024727ff0000, 0x00000247283c0000, 0x000002472f520000]
CodeHeap 'profiled nmethods': size=120000Kb used=16013Kb max_used=16013Kb free=103987Kb
 bounds [0x0000024720ac0000, 0x0000024721a70000, 0x0000024727ff0000]
CodeHeap 'non-nmethods': size=5760Kb used=2347Kb max_used=2389Kb free=3412Kb
 bounds [0x0000024720520000, 0x0000024720790000, 0x0000024720ac0000]
 total_blobs=8351 nmethods=7490 adapters=773
 compilation: enabled
              stopped_count=0, restarted_count=0
 full_count=0

Compilation events (20 events):
Event: 38.843 Thread 0x00000247372f1800 nmethod 7474 0x00000247283ace90 code [0x00000247283ad040, 0x00000247283ad0f8]
Event: 38.843 Thread 0x00000247372f1800 7470       3       kotlin.reflect.jvm.internal.impl.metadata.ProtoBuf$ValueParameter::getDefaultInstance (4 bytes)
Event: 38.843 Thread 0x00000247372f1800 nmethod 7470 0x0000024721a30a90 code [0x0000024721a30c40, 0x0000024721a30d38]
Event: 38.843 Thread 0x00000247372f1800 7477       3       kotlin.reflect.jvm.internal.impl.protobuf.CodedOutputStream::writeTag (10 bytes)
Event: 38.843 Thread 0x00000247372f1800 nmethod 7477 0x0000024721a30e10 code [0x0000024721a31000, 0x0000024721a313b8]
Event: 38.843 Thread 0x00000247372f1800 7476       3       kotlin.reflect.jvm.internal.impl.protobuf.CodedOutputStream::computeTagSize (9 bytes)
Event: 38.843 Thread 0x00000247372f1800 nmethod 7476 0x0000024721a31590 code [0x0000024721a31740, 0x0000024721a318a8]
Event: 38.843 Thread 0x00000247372f1800 7485       3       kotlin.reflect.jvm.internal.impl.protobuf.FieldSet::getWireFormatForFieldType (11 bytes)
Event: 38.844 Thread 0x00000247372f1800 nmethod 7485 0x0000024721a31990 code [0x0000024721a31b40, 0x0000024721a31d18]
Event: 38.844 Thread 0x00000247372f1800 7478       3       kotlin.reflect.jvm.internal.impl.protobuf.CodedOutputStream::computeInt32SizeNoTag (12 bytes)
Event: 38.844 Thread 0x00000247372f1800 nmethod 7478 0x0000024721a31e10 code [0x0000024721a31fc0, 0x0000024721a32108]
Event: 38.844 Thread 0x00000247372f1800 7482       3       kotlin.reflect.jvm.internal.impl.protobuf.CodedOutputStream::computeInt32Size (10 bytes)
Event: 38.844 Thread 0x00000247372f1800 nmethod 7482 0x0000024721a32190 code [0x0000024721a32360, 0x0000024721a325f8]
Event: 38.844 Thread 0x00000247372f1800 7483       3       kotlin.reflect.jvm.internal.impl.protobuf.CodedOutputStream::writeInt32NoTag (19 bytes)
Event: 38.845 Thread 0x00000247372f1800 nmethod 7483 0x0000024721a32790 code [0x0000024721a32980, 0x0000024721a32d68]
Event: 38.845 Thread 0x00000247372f1800 7484       3       kotlin.reflect.jvm.internal.impl.protobuf.CodedOutputStream::writeInt32 (12 bytes)
Event: 38.845 Thread 0x00000247372f1800 nmethod 7484 0x0000024721a32f10 code [0x0000024721a33100, 0x0000024721a33428]
Event: 38.845 Thread 0x00000247372f1800 7475       1       kotlin.reflect.jvm.internal.impl.protobuf.SmallSortedMap::access$400 (5 bytes)
Event: 38.845 Thread 0x00000247372f1800 nmethod 7475 0x00000247283ad190 code [0x00000247283ad340, 0x00000247283ad3d8]
Event: 38.845 Thread 0x00000247372f1800 7479       1       kotlin.reflect.jvm.internal.impl.protobuf.GeneratedMessageLite$ExtendableMessage::access$200 (5 bytes)

GC Heap History (20 events):
Event: 22.765 GC heap before
{Heap before GC invocations=12 (full 0):
 garbage-first heap   total 96256K, used 66933K [0x0000000080000000, 0x0000000100000000)
  region size 1024K, 42 young (43008K), 6 survivors (6144K)
 Metaspace       used 41675K, capacity 42798K, committed 42832K, reserved 555008K
  class space    used 5219K, capacity 5627K, committed 5632K, reserved 516096K
}
Event: 22.815 GC heap after
{Heap after GC invocations=13 (full 0):
 garbage-first heap   total 96256K, used 30177K [0x0000000080000000, 0x0000000100000000)
  region size 1024K, 3 young (3072K), 3 survivors (3072K)
 Metaspace       used 41675K, capacity 42798K, committed 42832K, reserved 555008K
  class space    used 5219K, capacity 5627K, committed 5632K, reserved 516096K
}
Event: 25.179 GC heap before
{Heap before GC invocations=13 (full 0):
 garbage-first heap   total 96256K, used 67041K [0x0000000080000000, 0x0000000100000000)
  region size 1024K, 39 young (39936K), 3 survivors (3072K)
 Metaspace       used 44544K, capacity 45794K, committed 45904K, reserved 557056K
  class space    used 5568K, capacity 6062K, committed 6144K, reserved 516096K
}
Event: 25.197 GC heap after
{Heap after GC invocations=14 (full 0):
 garbage-first heap   total 115712K, used 32060K [0x0000000080000000, 0x0000000100000000)
  region size 1024K, 5 young (5120K), 5 survivors (5120K)
 Metaspace       used 44544K, capacity 45794K, committed 45904K, reserved 557056K
  class space    used 5568K, capacity 6062K, committed 6144K, reserved 516096K
}
Event: 28.558 GC heap before
{Heap before GC invocations=14 (full 0):
 garbage-first heap   total 115712K, used 78140K [0x0000000080000000, 0x0000000100000000)
  region size 1024K, 50 young (51200K), 5 survivors (5120K)
 Metaspace       used 48020K, capacity 49270K, committed 49488K, reserved 559104K
  class space    used 6128K, capacity 6640K, committed 6656K, reserved 516096K
}
Event: 28.571 GC heap after
{Heap after GC invocations=15 (full 0):
 garbage-first heap   total 115712K, used 33407K [0x0000000080000000, 0x0000000100000000)
  region size 1024K, 4 young (4096K), 4 survivors (4096K)
 Metaspace       used 48020K, capacity 49270K, committed 49488K, reserved 559104K
  class space    used 6128K, capacity 6640K, committed 6656K, reserved 516096K
}
Event: 29.858 GC heap before
{Heap before GC invocations=15 (full 0):
 garbage-first heap   total 115712K, used 80511K [0x0000000080000000, 0x0000000100000000)
  region size 1024K, 50 young (51200K), 4 survivors (4096K)
 Metaspace       used 51466K, capacity 52845K, committed 53200K, reserved 563200K
  class space    used 6595K, capacity 7171K, committed 7296K, reserved 516096K
}
Event: 29.865 GC heap after
{Heap after GC invocations=16 (full 0):
 garbage-first heap   total 115712K, used 34153K [0x0000000080000000, 0x0000000100000000)
  region size 1024K, 5 young (5120K), 5 survivors (5120K)
 Metaspace       used 51466K, capacity 52845K, committed 53200K, reserved 563200K
  class space    used 6595K, capacity 7171K, committed 7296K, reserved 516096K
}
Event: 31.470 GC heap before
{Heap before GC invocations=16 (full 0):
 garbage-first heap   total 115712K, used 89449K [0x0000000080000000, 0x0000000100000000)
  region size 1024K, 53 young (54272K), 5 survivors (5120K)
 Metaspace       used 56295K, capacity 57859K, committed 57936K, reserved 567296K
  class space    used 7237K, capacity 7903K, committed 7936K, reserved 516096K
}
Event: 31.481 GC heap after
{Heap after GC invocations=17 (full 0):
 garbage-first heap   total 115712K, used 44034K [0x0000000080000000, 0x0000000100000000)
  region size 1024K, 7 young (7168K), 7 survivors (7168K)
 Metaspace       used 56295K, capacity 57859K, committed 57936K, reserved 567296K
  class space    used 7237K, capacity 7903K, committed 7936K, reserved 516096K
}
Event: 32.314 GC heap before
{Heap before GC invocations=17 (full 0):
 garbage-first heap   total 115712K, used 73730K [0x0000000080000000, 0x0000000100000000)
  region size 1024K, 37 young (37888K), 7 survivors (7168K)
 Metaspace       used 58482K, capacity 60185K, committed 60296K, reserved 569344K
  class space    used 7562K, capacity 8277K, committed 8320K, reserved 516096K
}
Event: 32.385 GC heap after
{Heap after GC invocations=18 (full 0):
 garbage-first heap   total 115712K, used 45596K [0x0000000080000000, 0x0000000100000000)
  region size 1024K, 2 young (2048K), 2 survivors (2048K)
 Metaspace       used 58482K, capacity 60185K, committed 60296K, reserved 569344K
  class space    used 7562K, capacity 8277K, committed 8320K, reserved 516096K
}
Event: 33.619 GC heap before
{Heap before GC invocations=19 (full 0):
 garbage-first heap   total 115712K, used 89628K [0x0000000080000000, 0x0000000100000000)
  region size 1024K, 45 young (46080K), 2 survivors (2048K)
 Metaspace       used 62048K, capacity 63818K, committed 63880K, reserved 571392K
  class space    used 8066K, capacity 8803K, committed 8832K, reserved 516096K
}
Event: 33.626 GC heap after
{Heap after GC invocations=20 (full 0):
 garbage-first heap   total 115712K, used 46402K [0x0000000080000000, 0x0000000100000000)
  region size 1024K, 3 young (3072K), 3 survivors (3072K)
 Metaspace       used 62048K, capacity 63818K, committed 63880K, reserved 571392K
  class space    used 8066K, capacity 8803K, committed 8832K, reserved 516096K
}
Event: 34.645 GC heap before
{Heap before GC invocations=21 (full 0):
 garbage-first heap   total 115712K, used 89410K [0x0000000080000000, 0x0000000100000000)
  region size 1024K, 46 young (47104K), 3 survivors (3072K)
 Metaspace       used 64730K, capacity 66581K, committed 66824K, reserved 575488K
  class space    used 8363K, capacity 9118K, committed 9216K, reserved 516096K
}
Event: 34.651 GC heap after
{Heap after GC invocations=22 (full 0):
 garbage-first heap   total 115712K, used 49876K [0x0000000080000000, 0x0000000100000000)
  region size 1024K, 6 young (6144K), 6 survivors (6144K)
 Metaspace       used 64730K, capacity 66581K, committed 66824K, reserved 575488K
  class space    used 8363K, capacity 9118K, committed 9216K, reserved 516096K
}
Event: 35.848 GC heap before
{Heap before GC invocations=22 (full 0):
 garbage-first heap   total 115712K, used 91860K [0x0000000080000000, 0x0000000100000000)
  region size 1024K, 47 young (48128K), 6 survivors (6144K)
 Metaspace       used 67446K, capacity 69427K, committed 69512K, reserved 577536K
  class space    used 8764K, capacity 9574K, committed 9600K, reserved 516096K
}
Event: 35.936 GC heap after
{Heap after GC invocations=23 (full 0):
 garbage-first heap   total 115712K, used 51130K [0x0000000080000000, 0x0000000100000000)
  region size 1024K, 3 young (3072K), 3 survivors (3072K)
 Metaspace       used 67446K, capacity 69427K, committed 69512K, reserved 577536K
  class space    used 8764K, capacity 9574K, committed 9600K, reserved 516096K
}
Event: 38.483 GC heap before
{Heap before GC invocations=23 (full 0):
 garbage-first heap   total 115712K, used 92090K [0x0000000080000000, 0x0000000100000000)
  region size 1024K, 43 young (44032K), 3 survivors (3072K)
 Metaspace       used 70198K, capacity 72405K, committed 72584K, reserved 579584K
  class space    used 9152K, capacity 10060K, committed 10112K, reserved 516096K
}
Event: 38.490 GC heap after
{Heap after GC invocations=24 (full 0):
 garbage-first heap   total 115712K, used 54060K [0x0000000080000000, 0x0000000100000000)
  region size 1024K, 6 young (6144K), 6 survivors (6144K)
 Metaspace       used 70198K, capacity 72405K, committed 72584K, reserved 579584K
  class space    used 9152K, capacity 10060K, committed 10112K, reserved 516096K
}

Deoptimization events (20 events):
Event: 38.438 Thread 0x000002473e030000 DEOPT PACKING pc=0x000002472831e084 sp=0x000000a2fd6fa8e0
Event: 38.438 Thread 0x000002473e030000 DEOPT UNPACKING pc=0x000002472056a1af sp=0x000000a2fd6fa878 mode 2
Event: 38.445 Thread 0x000002473e030000 Uncommon trap: trap_request=0xffffff4d fr.pc=0x000002472831865c relative=0x000000000000027c
Event: 38.445 Thread 0x000002473e030000 Uncommon trap: reason=unstable_if action=reinterpret pc=0x000002472831865c method=org.gradle.internal.file.FileHierarchySet$Node.isChildOfOrThis(Ljava/lang/String;I)Z @ 89 c2
Event: 38.445 Thread 0x000002473e030000 DEOPT PACKING pc=0x000002472831865c sp=0x000000a2fd6fa910
Event: 38.445 Thread 0x000002473e030000 DEOPT UNPACKING pc=0x000002472056a1af sp=0x000000a2fd6fa898 mode 2
Event: 38.490 Thread 0x0000024739ceb800 Uncommon trap: trap_request=0xffffff4d fr.pc=0x00000247282bc25c relative=0x000000000000185c
Event: 38.490 Thread 0x0000024739ceb800 Uncommon trap: reason=unstable_if action=reinterpret pc=0x00000247282bc25c method=java.lang.invoke.MethodType$ConcurrentWeakInternSet$WeakEntry.equals(Ljava/lang/Object;)Z @ 21 c2
Event: 38.490 Thread 0x0000024739ceb800 DEOPT PACKING pc=0x00000247282bc25c sp=0x000000a2f9ffd830
Event: 38.490 Thread 0x0000024739ceb800 DEOPT UNPACKING pc=0x000002472056a1af sp=0x000000a2f9ffd708 mode 2
Event: 38.490 Thread 0x0000024739ceb800 Uncommon trap: trap_request=0xffffffde fr.pc=0x00000247282f1344 relative=0x0000000000001644
Event: 38.490 Thread 0x0000024739ceb800 Uncommon trap: reason=class_check action=maybe_recompile pc=0x00000247282f1344 method=java.util.concurrent.ConcurrentHashMap.putVal(Ljava/lang/Object;Ljava/lang/Object;Z)Ljava/lang/Object; @ 242 c2
Event: 38.490 Thread 0x0000024739ceb800 DEOPT PACKING pc=0x00000247282f1344 sp=0x000000a2f9ffd710
Event: 38.490 Thread 0x0000024739ceb800 DEOPT UNPACKING pc=0x000002472056a1af sp=0x000000a2f9ffd690 mode 2
Event: 38.509 Thread 0x000002473e030000 Uncommon trap: trap_request=0xffffff4d fr.pc=0x0000024728050848 relative=0x0000000000000488
Event: 38.509 Thread 0x000002473e030000 Uncommon trap: reason=unstable_if action=reinterpret pc=0x0000024728050848 method=java.lang.StringLatin1.compareToCI([B[B)I @ 68 c2
Event: 38.509 Thread 0x000002473e030000 DEOPT PACKING pc=0x0000024728050848 sp=0x000000a2fd6fbb40
Event: 38.509 Thread 0x000002473e030000 DEOPT UNPACKING pc=0x000002472056a1af sp=0x000000a2fd6fbac8 mode 2
Event: 38.807 Thread 0x0000024738166800 DEOPT PACKING pc=0x00000247211bff74 sp=0x000000a2fedfdbc0
Event: 38.807 Thread 0x0000024738166800 DEOPT UNPACKING pc=0x000002472056a95e sp=0x000000a2fedfd160 mode 0

Classes redefined (0 events):
No events

Internal exceptions (20 events):
Event: 35.557 Thread 0x0000024739e66000 Exception <a 'java/lang/ClassNotFoundException'{0x00000000857e39a8}: org/gradle/api/internal/artifacts/DefaultArtifactRepositoryContainerBeanInfo> (0x00000000857e39a8) thrown at [s\src\hotspot\share\classfile\systemDictionary.cpp, line 230]
Event: 35.558 Thread 0x0000024739e66000 Exception <a 'java/lang/ClassNotFoundException'{0x0000000085613ec8}: org/gradle/api/internal/DefaultNamedDomainObjectListBeanInfo> (0x0000000085613ec8) thrown at [s\src\hotspot\share\classfile\systemDictionary.cpp, line 230]
Event: 35.559 Thread 0x0000024739e66000 Exception <a 'java/lang/ClassNotFoundException'{0x0000000085645750}: org/gradle/api/internal/DefaultNamedDomainObjectCollectionBeanInfo> (0x0000000085645750) thrown at [s\src\hotspot\share\classfile\systemDictionary.cpp, line 230]
Event: 35.560 Thread 0x0000024739e66000 Exception <a 'java/lang/ClassNotFoundException'{0x0000000085675b30}: org/gradle/api/internal/DefaultDomainObjectCollectionBeanInfo> (0x0000000085675b30) thrown at [s\src\hotspot\share\classfile\systemDictionary.cpp, line 230]
Event: 35.561 Thread 0x0000024739e66000 Exception <a 'java/lang/ClassNotFoundException'{0x00000000856a67d0}: org/gradle/api/internal/DefaultDomainObjectCollectionCustomizer> (0x00000000856a67d0) thrown at [s\src\hotspot\share\classfile\systemDictionary.cpp, line 230]
Event: 35.564 Thread 0x0000024739e66000 Exception <a 'java/lang/ClassNotFoundException'{0x00000000856f5248}: org/gradle/api/internal/DefaultNamedDomainObjectCollectionCustomizer> (0x00000000856f5248) thrown at [s\src\hotspot\share\classfile\systemDictionary.cpp, line 230]
Event: 35.567 Thread 0x0000024739e66000 Exception <a 'java/lang/ClassNotFoundException'{0x000000008554b480}: org/gradle/api/internal/DefaultNamedDomainObjectListCustomizer> (0x000000008554b480) thrown at [s\src\hotspot\share\classfile\systemDictionary.cpp, line 230]
Event: 35.573 Thread 0x0000024739e66000 Exception <a 'java/lang/ClassNotFoundException'{0x00000000855aac18}: org/gradle/api/internal/artifacts/DefaultArtifactRepositoryContainerCustomizer> (0x00000000855aac18) thrown at [s\src\hotspot\share\classfile\systemDictionary.cpp, line 230]
Event: 35.576 Thread 0x0000024739e66000 Exception <a 'java/lang/ClassNotFoundException'{0x00000000855fe8d0}: org/gradle/api/internal/artifacts/dsl/DefaultRepositoryHandlerCustomizer> (0x00000000855fe8d0) thrown at [s\src\hotspot\share\classfile\systemDictionary.cpp, line 230]
Event: 35.579 Thread 0x0000024739e66000 Exception <a 'java/lang/ClassNotFoundException'{0x0000000085465b00}: org/gradle/api/internal/artifacts/dsl/DefaultRepositoryHandler_DecoratedCustomizer> (0x0000000085465b00) thrown at [s\src\hotspot\share\classfile\systemDictionary.cpp, line 230]
Event: 35.591 Thread 0x0000024739e66000 Exception <a 'java/lang/ClassNotFoundException'{0x000000008533f108}: org/gradle/api/internal/artifacts/dsl/dependencies/DefaultDependencyHandler_DecoratedBeanInfo> (0x000000008533f108) thrown at [s\src\hotspot\share\classfile\systemDictionary.cpp, line 230]
Event: 35.592 Thread 0x0000024739e66000 Exception <a 'java/lang/ClassNotFoundException'{0x00000000853874b0}: org/gradle/api/internal/artifacts/dsl/dependencies/DefaultDependencyHandlerBeanInfo> (0x00000000853874b0) thrown at [s\src\hotspot\share\classfile\systemDictionary.cpp, line 230]
Event: 35.593 Thread 0x0000024739e66000 Exception <a 'java/lang/ClassNotFoundException'{0x00000000853cf2a8}: org/gradle/api/internal/artifacts/dsl/dependencies/DefaultDependencyHandlerCustomizer> (0x00000000853cf2a8) thrown at [s\src\hotspot\share\classfile\systemDictionary.cpp, line 230]
Event: 35.596 Thread 0x0000024739e66000 Exception <a 'java/lang/ClassNotFoundException'{0x0000000085240a08}: org/gradle/api/internal/artifacts/dsl/dependencies/DefaultDependencyHandler_DecoratedCustomizer> (0x0000000085240a08) thrown at [s\src\hotspot\share\classfile\systemDictionary.cpp, line 230]
Event: 37.367 Thread 0x0000024739e66000 Exception <a 'java/lang/NoSuchMethodError'{0x0000000085dd5970}: 'java.lang.Object java.lang.invoke.Invokers$Holder.linkToTargetMethod(java.lang.Object, java.lang.Object, java.lang.Object, java.lang.Object, java.lang.Object, java.lang.Object, java.lang.Object, java.lang.Object, java.lang.Object)'> (0x0000000085dd5970) thrown at [s\src\hotspot\share\interpreter\linkResolver.cpp, line 773]
Event: 38.116 Thread 0x000002473e030000 Exception <a 'java/lang/NoSuchMethodError'{0x0000000084d59e60}: 'java.lang.Object java.lang.invoke.DirectMethodHandle$Holder.invokeStatic(java.lang.Object, java.lang.Object, java.lang.Object, java.lang.Object, int, java.lang.Object)'> (0x0000000084d59e60) thrown at [s\src\hotspot\share\interpreter\linkResolver.cpp, line 773]
Event: 38.117 Thread 0x000002473e030000 Exception <a 'java/lang/NoSuchMethodError'{0x0000000084d5d6c0}: 'java.lang.Object java.lang.invoke.Invokers$Holder.linkToTargetMethod(java.lang.Object, java.lang.Object, java.lang.Object, int, java.lang.Object, java.lang.Object)'> (0x0000000084d5d6c0) thrown at [s\src\hotspot\share\interpreter\linkResolver.cpp, line 773]
Event: 38.151 Thread 0x000002473e030000 Exception <a 'java/lang/NoSuchMethodError'{0x0000000084de44e8}: 'void java.lang.invoke.DirectMethodHandle$Holder.invokeInterface(java.lang.Object, java.lang.Object, java.lang.Object, java.lang.Object)'> (0x0000000084de44e8) thrown at [s\src\hotspot\share\interpreter\linkResolver.cpp, line 773]
Event: 38.299 Thread 0x000002473e030000 Exception <a 'java/lang/NoSuchMethodError'{0x0000000084a13190}: 'int java.lang.invoke.DirectMethodHandle$Holder.invokeSpecial(java.lang.Object, java.lang.Object, java.lang.Object, java.lang.Object, java.lang.Object)'> (0x0000000084a13190) thrown at [s\src\hotspot\share\interpreter\linkResolver.cpp, line 773]
Event: 38.490 Thread 0x0000024739ceb800 Implicit null exception at 0x00000247282bad61 to 0x00000247282bc23c

Events (20 events):
Event: 38.781 Thread 0x0000024738166800 Thread added: 0x0000024738166800
Event: 38.782 Thread 0x0000024738169000 Thread added: 0x0000024738169000
Event: 38.782 Thread 0x000002473ea8e000 Thread added: 0x000002473ea8e000
Event: 38.782 Thread 0x000002473ea8a800 Thread added: 0x000002473ea8a800
Event: 38.783 Thread 0x000002473ea8f800 Thread added: 0x000002473ea8f800
Event: 38.783 Thread 0x000002473ea8b800 Thread added: 0x000002473ea8b800
Event: 38.783 Thread 0x000002473ea8c000 Thread added: 0x000002473ea8c000
Event: 38.783 Thread 0x000002473ea8e800 Thread added: 0x000002473ea8e800
Event: 38.783 Thread 0x000002473ea89800 Thread added: 0x000002473ea89800
Event: 38.783 Thread 0x000002473ea90800 Thread added: 0x000002473ea90800
Event: 38.783 Thread 0x000002473ea91000 Thread added: 0x000002473ea91000
Event: 38.785 Executing VM operation: RevokeBias
Event: 38.787 Executing VM operation: RevokeBias done
Event: 38.788 Thread 0x000002473ea92000 Thread added: 0x000002473ea92000
Event: 38.830 loading class org/jetbrains/kotlin/incremental/IncrementalJvmCompilerRunnerKt
Event: 38.830 loading class org/jetbrains/kotlin/incremental/IncrementalJvmCompilerRunnerKt done
Event: 38.832 loading class org/jetbrains/kotlin/incremental/IncrementalJvmCompilerRunnerKt$classpathAsList$2
Event: 38.832 loading class org/jetbrains/kotlin/incremental/IncrementalJvmCompilerRunnerKt$classpathAsList$2 done
Event: 38.833 loading class org/jetbrains/kotlin/gradle/dsl/OptionsUtilKt
Event: 38.833 loading class org/jetbrains/kotlin/gradle/dsl/OptionsUtilKt done


Dynamic libraries:
0x00007ff759720000 - 0x00007ff75972d000 	C:\Program Files\Microsoft\jdk-11.0.20.8-hotspot\bin\java.exe
0x00007ffa18bb0000 - 0x00007ffa18dc7000 	C:\Windows\SYSTEM32\ntdll.dll
0x00007ffa17c40000 - 0x00007ffa17d04000 	C:\Windows\System32\KERNEL32.DLL
0x00007ffa15f20000 - 0x00007ffa162c5000 	C:\Windows\System32\KERNELBASE.dll
0x00007ffa165f0000 - 0x00007ffa16701000 	C:\Windows\System32\ucrtbase.dll
0x00007ff9f9d70000 - 0x00007ff9f9d87000 	C:\Program Files\Microsoft\jdk-11.0.20.8-hotspot\bin\jli.dll
0x00007ffa0fc50000 - 0x00007ffa0fc65000 	C:\Program Files\Microsoft\jdk-11.0.20.8-hotspot\bin\VCRUNTIME140.dll
0x00007ffa18880000 - 0x00007ffa18a2e000 	C:\Windows\System32\USER32.dll
0x00007ffa16460000 - 0x00007ffa16486000 	C:\Windows\System32\win32u.dll
0x00007ffa17a40000 - 0x00007ffa17a69000 	C:\Windows\System32\GDI32.dll
0x00007ffa16340000 - 0x00007ffa16459000 	C:\Windows\System32\gdi32full.dll
0x00007ffa16550000 - 0x00007ffa165ea000 	C:\Windows\System32\msvcp_win.dll
0x00007ff9fd100000 - 0x00007ff9fd393000 	C:\Windows\WinSxS\amd64_microsoft.windows.common-controls_6595b64144ccf1df_6.0.22621.2506_none_270c5ae97388e100\COMCTL32.dll
0x00007ffa17b90000 - 0x00007ffa17c37000 	C:\Windows\System32\msvcrt.dll
0x00007ffa18060000 - 0x00007ffa18091000 	C:\Windows\System32\IMM32.DLL
0x00007ff9f1610000 - 0x00007ff9f16ab000 	C:\Program Files\Microsoft\jdk-11.0.20.8-hotspot\bin\msvcp140.dll
0x00007ff990b40000 - 0x00007ff9916d6000 	C:\Program Files\Microsoft\jdk-11.0.20.8-hotspot\bin\server\jvm.dll
0x00007ffa18ab0000 - 0x00007ffa18b61000 	C:\Windows\System32\ADVAPI32.dll
0x00007ffa17d10000 - 0x00007ffa17db6000 	C:\Windows\System32\sechost.dll
0x00007ffa17a70000 - 0x00007ffa17b87000 	C:\Windows\System32\RPCRT4.dll
0x00007ffa18050000 - 0x00007ffa18058000 	C:\Windows\System32\PSAPI.DLL
0x00007ffa0d4c0000 - 0x00007ffa0d4f4000 	C:\Windows\SYSTEM32\WINMM.dll
0x00007ffa0df40000 - 0x00007ffa0df4a000 	C:\Windows\SYSTEM32\VERSION.dll
0x00007ffa11340000 - 0x00007ffa11349000 	C:\Windows\SYSTEM32\WSOCK32.dll
0x00007ffa17470000 - 0x00007ffa174e1000 	C:\Windows\System32\WS2_32.dll
0x00007ffa14ec0000 - 0x00007ffa14ed8000 	C:\Windows\SYSTEM32\kernel.appcore.dll
0x00007ffa0ebb0000 - 0x00007ffa0ebc0000 	C:\Program Files\Microsoft\jdk-11.0.20.8-hotspot\bin\verify.dll
0x00007ffa0c630000 - 0x00007ffa0c863000 	C:\Windows\SYSTEM32\DBGHELP.DLL
0x00007ffa174f0000 - 0x00007ffa17879000 	C:\Windows\System32\combase.dll
0x00007ffa17f70000 - 0x00007ffa18047000 	C:\Windows\System32\OLEAUT32.dll
0x00007ffa04710000 - 0x00007ffa04742000 	C:\Windows\SYSTEM32\dbgcore.DLL
0x00007ffa16880000 - 0x00007ffa168fa000 	C:\Windows\System32\bcryptPrimitives.dll
0x00007ff9f47c0000 - 0x00007ff9f47e8000 	C:\Program Files\Microsoft\jdk-11.0.20.8-hotspot\bin\java.dll
0x00007ffa0eb90000 - 0x00007ffa0eb9a000 	C:\Program Files\Microsoft\jdk-11.0.20.8-hotspot\bin\jimage.dll
0x00007ff9f47a0000 - 0x00007ff9f47b8000 	C:\Program Files\Microsoft\jdk-11.0.20.8-hotspot\bin\zip.dll
0x00007ffa16c10000 - 0x00007ffa17469000 	C:\Windows\System32\SHELL32.dll
0x00007ffa13e40000 - 0x00007ffa14734000 	C:\Windows\SYSTEM32\windows.storage.dll
0x00007ffa13d00000 - 0x00007ffa13e3e000 	C:\Windows\SYSTEM32\wintypes.dll
0x00007ffa16930000 - 0x00007ffa16a23000 	C:\Windows\System32\SHCORE.dll
0x00007ffa16bb0000 - 0x00007ffa16c0e000 	C:\Windows\System32\shlwapi.dll
0x00007ffa15e50000 - 0x00007ffa15e76000 	C:\Windows\SYSTEM32\profapi.dll
0x00007ff9f15f0000 - 0x00007ff9f1609000 	C:\Program Files\Microsoft\jdk-11.0.20.8-hotspot\bin\net.dll
0x00007ffa0e5d0000 - 0x00007ffa0e707000 	C:\Windows\SYSTEM32\WINHTTP.dll
0x00007ffa15410000 - 0x00007ffa15479000 	C:\Windows\system32\mswsock.dll
0x00007ff9f1400000 - 0x00007ff9f1413000 	C:\Program Files\Microsoft\jdk-11.0.20.8-hotspot\bin\nio.dll
0x00007ff9f53b0000 - 0x00007ff9f53d7000 	C:\Users\Keyner\.gradle\native\68d5fa5c4cc2d200863cafc0d521ce42e7d3e7ee720ec0a83991735586a16f82\windows-amd64\native-platform.dll
0x00007ff9cd200000 - 0x00007ff9cd344000 	C:\Users\Keyner\.gradle\native\e376f236ea51e6404a007f0833ffe2c6e607c4080706a723a18a27aeea778392\windows-amd64\native-platform-file-events.dll
0x00007ffa05de0000 - 0x00007ffa05de9000 	C:\Program Files\Microsoft\jdk-11.0.20.8-hotspot\bin\management.dll
0x00007ffa032e0000 - 0x00007ffa032eb000 	C:\Program Files\Microsoft\jdk-11.0.20.8-hotspot\bin\management_ext.dll
0x00007ffa15670000 - 0x00007ffa1568b000 	C:\Windows\SYSTEM32\CRYPTSP.dll
0x00007ffa14e80000 - 0x00007ffa14eb5000 	C:\Windows\system32\rsaenh.dll
0x00007ffa15500000 - 0x00007ffa1552c000 	C:\Windows\SYSTEM32\USERENV.dll
0x00007ffa15880000 - 0x00007ffa158a8000 	C:\Windows\SYSTEM32\bcrypt.dll
0x00007ffa15660000 - 0x00007ffa1566c000 	C:\Windows\SYSTEM32\CRYPTBASE.dll
0x00007ffa149a0000 - 0x00007ffa149cd000 	C:\Windows\SYSTEM32\IPHLPAPI.DLL
0x00007ffa16900000 - 0x00007ffa16909000 	C:\Windows\System32\NSI.dll
0x00007ffa0df20000 - 0x00007ffa0df39000 	C:\Windows\SYSTEM32\dhcpcsvc6.DLL
0x00007ffa0dee0000 - 0x00007ffa0deff000 	C:\Windows\SYSTEM32\dhcpcsvc.DLL
0x00007ffa14a10000 - 0x00007ffa14b09000 	C:\Windows\SYSTEM32\DNSAPI.dll

dbghelp: loaded successfully - version: 4.0.5 - missing functions: none
symbol engine: initialized successfully - sym options: 0x614 - pdb path: .;C:\Program Files\Microsoft\jdk-11.0.20.8-hotspot\bin;C:\Windows\SYSTEM32;C:\Windows\WinSxS\amd64_microsoft.windows.common-controls_6595b64144ccf1df_6.0.22621.2506_none_270c5ae97388e100;C:\Program Files\Microsoft\jdk-11.0.20.8-hotspot\bin\server;C:\Users\Keyner\.gradle\native\68d5fa5c4cc2d200863cafc0d521ce42e7d3e7ee720ec0a83991735586a16f82\windows-amd64;C:\Users\Keyner\.gradle\native\e376f236ea51e6404a007f0833ffe2c6e607c4080706a723a18a27aeea778392\windows-amd64

VM Arguments:
jvm_args: -XX:MaxMetaspaceSize=512m --add-opens=java.base/java.util=ALL-UNNAMED --add-opens=java.base/java.lang=ALL-UNNAMED --add-opens=java.base/java.lang.invoke=ALL-UNNAMED --add-opens=java.prefs/java.util.prefs=ALL-UNNAMED --add-opens=java.base/java.nio.charset=ALL-UNNAMED --add-opens=java.base/java.net=ALL-UNNAMED --add-opens=java.base/java.util.concurrent.atomic=ALL-UNNAMED -Xmx2048m -Dfile.encoding=windows-1252 -Duser.country=CO -Duser.language=es -Duser.variant 
java_command: org.gradle.launcher.daemon.bootstrap.GradleDaemon 8.0.1
java_class_path (initial): C:\Users\Keyner\.gradle\wrapper\dists\gradle-8.0.1-all\aro4hu1c3oeioove7l0i4i14o\gradle-8.0.1\lib\gradle-launcher-8.0.1.jar
Launcher Type: SUN_STANDARD

[Global flags]
     intx CICompilerCount                          = 4                                         {product} {ergonomic}
   size_t CompressedClassSpaceSize                 = 528482304                                 {product} {ergonomic}
     uint ConcGCThreads                            = 3                                         {product} {ergonomic}
     uint G1ConcRefinementThreads                  = 10                                        {product} {ergonomic}
   size_t G1HeapRegionSize                         = 1048576                                   {product} {ergonomic}
    uintx GCDrainStackTargetSize                   = 64                                        {product} {ergonomic}
   size_t InitialHeapSize                          = 98566144                                  {product} {ergonomic}
   size_t MarkStackSize                            = 4194304                                   {product} {ergonomic}
   size_t MaxHeapSize                              = 2147483648                                {product} {command line}
   size_t MaxMetaspaceSize                         = 536870912                                 {product} {command line}
   size_t MaxNewSize                               = 1287651328                                {product} {ergonomic}
   size_t MinHeapDeltaBytes                        = 1048576                                   {product} {ergonomic}
    uintx NonNMethodCodeHeapSize                   = 5836300                                {pd product} {ergonomic}
    uintx NonProfiledCodeHeapSize                  = 122910970                              {pd product} {ergonomic}
    uintx ProfiledCodeHeapSize                     = 122910970                              {pd product} {ergonomic}
    uintx ReservedCodeCacheSize                    = 251658240                              {pd product} {ergonomic}
     bool SegmentedCodeCache                       = true                                      {product} {ergonomic}
     bool UseCompressedClassPointers               = true                                 {lp64_product} {ergonomic}
     bool UseCompressedOops                        = true                                 {lp64_product} {ergonomic}
     bool UseG1GC                                  = true                                      {product} {ergonomic}
     bool UseLargePagesIndividualAllocation        = false                                  {pd product} {ergonomic}

Logging:
Log output configuration:
 #0: stdout all=warning uptime,level,tags
 #1: stderr all=off uptime,level,tags

Environment Variables:
JAVA_HOME=C:\Program Files\Microsoft\jdk-11.0.20.8-hotspot\
CLASSPATH=C:\Users\Keyner\Desktop\pokedex\android\\gradle\wrapper\gradle-wrapper.jar
PATH=C:\Users\Keyner\Desktop\pokedex\node_modules\.bin;C:\Users\Keyner\Desktop\pokedex\node_modules\.bin;C:\Users\Keyner\Desktop\node_modules\.bin;C:\Users\Keyner\node_modules\.bin;C:\Users\node_modules\.bin;C:\node_modules\.bin;C:\Users\Keyner\AppData\Roaming\npm\node_modules\npm\node_modules\@npmcli\run-script\lib\node-gyp-bin;C:\Users\Keyner\Desktop\pokedex\node_modules\.bin;C:\Users\Keyner\Desktop\node_modules\.bin;C:\Users\Keyner\node_modules\.bin;C:\Users\node_modules\.bin;C:\node_modules\.bin;C:\Users\Keyner\AppData\Roaming\npm\node_modules\npm\node_modules\@npmcli\run-script\lib\node-gyp-bin;C:\Users\Keyner\bin;C:\Program Files\Git\mingw64\bin;C:\Program Files\Git\usr\local\bin;C:\Program Files\Git\usr\bin;C:\Program Files\Git\usr\bin;C:\Program Files\Git\mingw64\bin;C:\Program Files\Git\usr\bin;C:\Users\Keyner\bin;C:\Program Files\Microsoft\jdk-11.0.20.8-hotspot\bin;C:\Windows\system32;C:\Windows;C:\Windows\System32\Wbem;C:\Windows\System32\WindowsPowerShell\v1.0;C:\Windows\System32\OpenSSH;C:\ProgramData\chocolatey\bin;C:\Program Files\nodejs;C:\Program Files\Git\cmd;C:\Program Files\MySQL\MySQL Shell 8.0\bin;C:\Users\Keyner\AppData\Local\Programs\Python\Python312\Scripts;C:\Users\Keyner\AppData\Local\Programs\Python\Python312;C:\Users\Keyner\.console-ninja\.bin;C:\Users\Keyner\AppData\Local\Microsoft\WindowsApps;C:\Users\Keyner\AppData\Local\Android\Sdk\platform-tools;C:\Users\Keyner\AppData\Roaming\npm;C:\Users\Keyner\AppData\Local\Programs\Microsoft VS Code\bin;C:\Program Files\MySQL\MySQL Server 8.0\bin;C:\Program Files\Git\usr\bin\vendor_perl;C:\Program Files\Git\usr\bin\core_perl
USERNAME=Keyner
SHELL=C:\Program Files\Git\usr\bin\bash.exe
DISPLAY=needs-to-be-defined
LANG=en_US.UTF-8
TERM=xterm-256color
TMPDIR=C:\Users\Keyner\AppData\Local\Temp
OS=Windows_NT
PROCESSOR_IDENTIFIER=AMD64 Family 23 Model 104 Stepping 1, AuthenticAMD
TMP=C:\Users\Keyner\AppData\Local\Temp
TEMP=C:\Users\Keyner\AppData\Local\Temp



---------------  S Y S T E M  ---------------

OS: Windows 11 , 64 bit Build 22621 (10.0.22621.2506)
OS uptime: 1 days 22:25 hours

CPU:total 12 (initial active 12) (12 cores per cpu, 2 threads per core) family 23 model 104 stepping 1 microcode 0x0, cmov, cx8, fxsr, mmx, sse, sse2, sse3, ssse3, sse4.1, sse4.2, popcnt, avx, avx2, aes, clmul, mmxext, 3dnowpref, lzcnt, sse4a, ht, tsc, tscinvbit, tscinv, bmi1, bmi2, adx, sha, fma

Memory: 4k page, system-wide physical 5989M (113M free)
TotalPageFile size 24421M (AvailPageFile size 6M)
current process WorkingSet (physical memory assigned to process): 193M, peak: 255M
current process commit charge ("private bytes"): 357M, peak: 358M

vm_info: OpenJDK 64-Bit Server VM (11.0.20+8-LTS) for windows-amd64 JRE (11.0.20+8-LTS), built on Jul  7 2023 17:05:21 by "MicrosoftCorporation" with MS VC++ 15.9 (VS2017)

END.
